{"name": "test_login", "status": "failed", "statusDetails": {"message": "AssertionError: assert False", "trace": "self = <testcases.test_login.TestLogin001 object at 0x000002BC4C5972C0>, setup = <selenium.webdriver.chrome.webdriver.WebDriver (session=\"60f74f26ad93a5780e09966fd5737bf1\")>\n\n    def test_login(self,setup):\n        self.driver = setup\n    \n        self.driver.get(self.baseURL)\n    \n        self.lp = Login(self.driver)\n        self.lp.setusername(self.username)\n    \n        self.lp.setpassword(self.password)\n        self.lp.clicklogin()\n        act_title = self.driver.title\n        # self.lp.clicklogout()\n    \n        if act_title == \"Dashboard / nopCommerce administration\" :\n            assert True\n        else :\n            time.sleep(2)\n    \n            self.driver.save_screenshot(r\"C:\\Users\\nikhi\\PycharmProjects\\framework1\\screenshots\\screenshot\" + \"test_login.png\")\n            self.driver.close()\n>           assert False\nE           assert False\n\ntestcases\\test_login.py:53: AssertionError"}, "start": 1756720367599, "stop": 1756720373998, "uuid": "90738ee3-90bc-4b57-a6f8-b588aead33d2", "historyId": "0491641af6379518eba51cad4bb2c16d", "testCaseId": "0491641af6379518eba51cad4bb2c16d", "fullName": "testcases.test_login.TestLogin001#test_login", "labels": [{"name": "parentSuite", "value": "testcases"}, {"name": "suite", "value": "test_login"}, {"name": "subSuite", "value": "TestLogin001"}, {"name": "host", "value": "AsusF15"}, {"name": "thread", "value": "20408-MainThread"}, {"name": "framework", "value": "pytest"}, {"name": "language", "value": "cpython3"}, {"name": "package", "value": "testcases.test_login"}], "titlePath": ["testcases", "test_login.py", "TestLogin001"]}